<?xml version="1.0" encoding="UTF-8"?>
<testsuite xmlns:xsi="http://www.w3.org/2001/XMLSchema-instance" xsi:noNamespaceSchemaLocation="https://maven.apache.org/surefire/maven-surefire-plugin/xsd/surefire-test-report.xsd" name="PriorityQueueTest" time="0.085" tests="8" errors="0" skipped="0" failures="0">
  <properties>
[...]
</properties>
  <testcase name="testWithArgs{int[], int[]}[1]" classname="PriorityQueueTest" time="0.039"/>
  <testcase name="testWithArgs{int[], int[]}[2]" classname="PriorityQueueTest" time="0.001"/>
  <testcase name="testWithArgs{int[], int[]}[3]" classname="PriorityQueueTest" time="0.001"/>
  <testcase name="testWithArgs{int[], int[]}[4]" classname="PriorityQueueTest" time="0.001"/>
  <testcase name="testWithArgs{int[], int[]}[5]" classname="PriorityQueueTest" time="0.001"/>
  <testcase name="exceptionTest1" classname="PriorityQueueTest" time="0.002"/>
  <testcase name="exceptionTest2" classname="PriorityQueueTest" time="0.001"/>
  <testcase name="exceptionTest3" classname="PriorityQueueTest" time="0.001"/>
</testsuite>